Nonterminals useless in grammar

   assign_stmt
   expr
   var_list


Terminals unused in grammar

   T_VAR
   T_INT
   T_END
   T_ID
   T_BEGIN
   T_NUMBER
   T_SEMICOLON
   T_COLON
   T_LEFT_BRACKET
   T_RIGHT_BRACKET
   T_COMMA
   T_ASSIGN
   T_GREATER_THAN
   T_PLUS


Grammar

    0 $accept: program $end

    1 program: T_PROGRAM


Terminals, with rules where they appear

$end (0) 0
error (256)
T_PROGRAM (258) 1
T_VAR (259)
T_INT (260)
T_END (261)
T_ID (262)
T_BEGIN (263)
T_NUMBER (264)
T_SEMICOLON (265)
T_COLON (266)
T_LEFT_BRACKET (267)
T_RIGHT_BRACKET (268)
T_COMMA (269)
T_ASSIGN (270)
T_GREATER_THAN (271)
T_PLUS (272)


Nonterminals, with rules where they appear

$accept (18)
    on left: 0
program (19)
    on left: 1, on right: 0


State 0

    0 $accept: . program $end

    T_PROGRAM  shift, and go to state 1

    program  go to state 2


State 1

    1 program: T_PROGRAM .

    $default  reduce using rule 1 (program)


State 2

    0 $accept: program . $end

    $end  shift, and go to state 3


State 3

    0 $accept: program $end .

    $default  accept
